<?xml version="1.0" encoding="UTF-8"?>
<!-- Generated by org.testng.reporters.JUnitReportReporter -->
<testsuite hostname="LAPTOP-IKS9SD1L" failures="0" tests="1" name="kite.qa.testScripts.LoginPageTest" time="6.821" errors="0" timestamp="2021-02-08T10:04:53 IST" skipped="0">
  <testcase classname="kite.qa.testScripts.LoginPageTest" name="checkTitleTest" time="6.821"/>
  <system-out/>
</testsuite> <!-- kite.qa.testScripts.LoginPageTest -->
